  stdafx.cpp
c:\users\petr\documents\gitlab\vsb-dzo\dip\utils.h(134): warning C4244: 'argument': conversion from 'double' to 'int', possible loss of data
c:\users\petr\documents\gitlab\vsb-dzo\dip\utils.h(135): warning C4244: 'argument': conversion from 'double' to 'int', possible loss of data
c:\users\petr\documents\gitlab\vsb-dzo\dip\utils.h(136): warning C4244: 'argument': conversion from 'double' to 'int', possible loss of data
c:\users\petr\documents\gitlab\vsb-dzo\dip\utils.h(137): warning C4244: 'argument': conversion from 'double' to 'int', possible loss of data
c:\users\petr\documents\gitlab\vsb-dzo\dip\utils.h(173): warning C4244: '=': conversion from 'double' to '_Tp', possible loss of data
          with
          [
              _Tp=uchar
          ]
c:\users\petr\documents\gitlab\vsb-dzo\dip\utils.h(204): warning C4244: 'initializing': conversion from 'double' to 'uchar', possible loss of data
  DIP.cpp
  Exercise10.cpp
  Exercise11.cpp
  Exercise12.cpp
  Exercise2.cpp
c:\users\petr\documents\gitlab\vsb-dzo\dip\exercise2.cpp(18): warning C4244: 'initializing': conversion from 'double' to 'uchar', possible loss of data
c:\users\petr\documents\gitlab\vsb-dzo\dip\exercise2.cpp(19): warning C4244: 'initializing': conversion from 'double' to 'uchar', possible loss of data
c:\users\petr\documents\gitlab\vsb-dzo\dip\exercise2.cpp(25): warning C4244: '=': conversion from 'double' to '_Tp', possible loss of data
          with
          [
              _Tp=uchar
          ]
c:\users\petr\documents\gitlab\vsb-dzo\dip\exercise2.cpp(42): warning C4244: '=': conversion from 'double' to '_Tp', possible loss of data
          with
          [
              _Tp=uchar
          ]
  Exercise3.cpp
c:\users\petr\documents\gitlab\vsb-dzo\dip\exercise3.cpp(40): warning C4244: '=': conversion from 'double' to '_Tp', possible loss of data
          with
          [
              _Tp=uchar
          ]
c:\users\petr\documents\gitlab\vsb-dzo\dip\exercise3.cpp(41): warning C4244: '=': conversion from 'double' to '_Tp', possible loss of data
          with
          [
              _Tp=uchar
          ]
c:\users\petr\documents\gitlab\vsb-dzo\dip\exercise3.cpp(42): warning C4244: '=': conversion from 'double' to '_Tp', possible loss of data
          with
          [
              _Tp=uchar
          ]
c:\users\petr\documents\gitlab\vsb-dzo\dip\exercise3.cpp(77): warning C4244: '=': conversion from 'double' to '_Tp', possible loss of data
          with
          [
              _Tp=uchar
          ]
c:\users\petr\documents\gitlab\vsb-dzo\dip\exercise3.cpp(78): warning C4244: '=': conversion from 'double' to '_Tp', possible loss of data
          with
          [
              _Tp=uchar
          ]
c:\users\petr\documents\gitlab\vsb-dzo\dip\exercise3.cpp(79): warning C4244: '=': conversion from 'double' to '_Tp', possible loss of data
          with
          [
              _Tp=uchar
          ]
c:\users\petr\documents\gitlab\vsb-dzo\dip\exercise3.cpp(114): warning C4244: '=': conversion from 'double' to '_Tp', possible loss of data
          with
          [
              _Tp=uchar
          ]
c:\users\petr\documents\gitlab\vsb-dzo\dip\exercise3.cpp(115): warning C4244: '=': conversion from 'double' to '_Tp', possible loss of data
          with
          [
              _Tp=uchar
          ]
c:\users\petr\documents\gitlab\vsb-dzo\dip\exercise3.cpp(116): warning C4244: '=': conversion from 'double' to '_Tp', possible loss of data
          with
          [
              _Tp=uchar
          ]
  Exercise4.cpp
  Exercise5.cpp
  Exercise6.cpp
  Exercise7.cpp
  Exercise8.cpp
c:\users\petr\documents\gitlab\vsb-dzo\dip\exercise8.cpp(42): warning C4244: 'argument': conversion from 'double' to 'int', possible loss of data
c:\users\petr\documents\gitlab\vsb-dzo\dip\exercise8.cpp(61): warning C4244: 'argument': conversion from 'double' to 'const int', possible loss of data
  Exercise9.cpp
c:\users\petr\documents\gitlab\vsb-dzo\dip\exercise9.cpp(27): warning C4244: 'initializing': conversion from 'int' to 'float', possible loss of data
  defaults.cpp
  utils.h
  Generating Code...
  DIP.vcxproj -> C:\Users\Petr\Documents\GitLab\vsb-dzo\x64\Debug\DIP.exe
