c:\users\petr\documents\gitlab\vsb-dzo\dip\x64\debug\dip.pch
c:\users\petr\documents\gitlab\vsb-dzo\dip\x64\debug\vc141.pdb
c:\users\petr\documents\gitlab\vsb-dzo\dip\x64\debug\vc141.idb
c:\users\petr\documents\gitlab\vsb-dzo\dip\x64\debug\stdafx.obj
c:\users\petr\documents\gitlab\vsb-dzo\dip\x64\debug\utils.obj
c:\users\petr\documents\gitlab\vsb-dzo\dip\x64\debug\exercise9.obj
c:\users\petr\documents\gitlab\vsb-dzo\dip\x64\debug\exercise8.obj
c:\users\petr\documents\gitlab\vsb-dzo\dip\x64\debug\exercise7.obj
c:\users\petr\documents\gitlab\vsb-dzo\dip\x64\debug\exercise6.obj
c:\users\petr\documents\gitlab\vsb-dzo\dip\x64\debug\exercise5.obj
c:\users\petr\documents\gitlab\vsb-dzo\dip\x64\debug\exercise3.obj
c:\users\petr\documents\gitlab\vsb-dzo\dip\x64\debug\exercise2.obj
c:\users\petr\documents\gitlab\vsb-dzo\dip\x64\debug\exercise4.obj
c:\users\petr\documents\gitlab\vsb-dzo\dip\x64\debug\exercise12.obj
c:\users\petr\documents\gitlab\vsb-dzo\dip\x64\debug\exercise11.obj
c:\users\petr\documents\gitlab\vsb-dzo\dip\x64\debug\exercise10.obj
c:\users\petr\documents\gitlab\vsb-dzo\dip\x64\debug\dip.obj
c:\users\petr\documents\gitlab\vsb-dzo\dip\x64\debug\defaults.obj
c:\users\petr\documents\gitlab\vsb-dzo\x64\debug\dip.pdb
c:\users\petr\documents\gitlab\vsb-dzo\dip\x64\debug\dip.tlog\cl.command.1.tlog
c:\users\petr\documents\gitlab\vsb-dzo\dip\x64\debug\dip.tlog\cl.read.1.tlog
c:\users\petr\documents\gitlab\vsb-dzo\dip\x64\debug\dip.tlog\cl.write.1.tlog
c:\users\petr\documents\gitlab\vsb-dzo\dip\x64\debug\dip.tlog\link-cvtres.read.1.tlog
c:\users\petr\documents\gitlab\vsb-dzo\dip\x64\debug\dip.tlog\link-cvtres.write.1.tlog
c:\users\petr\documents\gitlab\vsb-dzo\dip\x64\debug\dip.tlog\link-rc.read.1.tlog
c:\users\petr\documents\gitlab\vsb-dzo\dip\x64\debug\dip.tlog\link-rc.write.1.tlog
c:\users\petr\documents\gitlab\vsb-dzo\dip\x64\debug\dip.tlog\link.command.1.tlog
c:\users\petr\documents\gitlab\vsb-dzo\dip\x64\debug\dip.tlog\link.read.1.tlog
c:\users\petr\documents\gitlab\vsb-dzo\dip\x64\debug\dip.tlog\link.write.1.tlog
